{
  "stats": {
    "suites": 2,
    "tests": 4,
    "passes": 4,
    "pending": 0,
    "failures": 0,
    "start": "2022-10-03T18:17:45.026Z",
    "end": "2022-10-03T18:18:40.582Z",
    "duration": 45259,
    "testsRegistered": 4,
    "passPercent": 100,
    "pendingPercent": 0,
    "other": 0,
    "hasOther": false,
    "skipped": 0,
    "hasSkipped": false
  },
  "results": [
    {
      "uuid": "2c5875ca-c732-4202-91c9-ae42a3e781c3",
      "title": "",
      "fullFile": "cypress\\e2e\\TDD\\loginPageTests.cy.js",
      "file": "cypress\\e2e\\TDD\\loginPageTests.cy.js",
      "beforeHooks": [],
      "afterHooks": [],
      "tests": [],
      "suites": [
        {
          "uuid": "ed2c7936-c486-4ae3-bfa2-afa5966e9465",
          "title": "Login Page Test Cases",
          "fullFile": "",
          "file": "",
          "beforeHooks": [],
          "afterHooks": [],
          "tests": [
            {
              "title": "verify the login functionality with invalid credentials",
              "fullTitle": "Login Page Test Cases verify the login functionality with invalid credentials",
              "timedOut": null,
              "duration": 5527,
              "state": "passed",
              "speed": "medium",
              "pass": true,
              "fail": false,
              "pending": false,
              "context": null,
              "code": "loginPage.doLogin(login.invalidCredentials.username, login.invalidCredentials.password);\nloginPage.getAuthenticationError().then(function (alertMessage) {\n  assert.equal(login.invalidCredentials.alertMessage, alertMessage);\n});",
              "err": {},
              "uuid": "cee26220-70f7-431b-ad1e-3689a82faf82",
              "parentUUID": "ed2c7936-c486-4ae3-bfa2-afa5966e9465",
              "isHook": false,
              "skipped": false
            },
            {
              "title": "verify the Forgot password functionality",
              "fullTitle": "Login Page Test Cases verify the Forgot password functionality",
              "timedOut": null,
              "duration": 5003,
              "state": "passed",
              "speed": "medium",
              "pass": true,
              "fail": false,
              "pending": false,
              "context": null,
              "code": "loginPage.clickOnForgotPasswordLink();\nloginPage.getRestPasswordPopupTitle().then(function (title) {\n  assert.equal(login.forgotPassword.title, title);\n});\nloginPage.doResetPassword(login.validCredentials.username);\nloginPage.getRestPasswordConfirmation().then(function (msg) {\n  assert.equal(login.forgotPassword.confirmationMsg, msg);\n});",
              "err": {},
              "uuid": "4e7c8498-9aa1-4ed3-b2cf-90b03f3bdabe",
              "parentUUID": "ed2c7936-c486-4ae3-bfa2-afa5966e9465",
              "isHook": false,
              "skipped": false
            },
            {
              "title": "verify the login functionality with valid credentials",
              "fullTitle": "Login Page Test Cases verify the login functionality with valid credentials",
              "timedOut": null,
              "duration": 4570,
              "state": "passed",
              "speed": "fast",
              "pass": true,
              "fail": false,
              "pending": false,
              "context": null,
              "code": "loginPage.doLogin(login.validCredentials.username, login.validCredentials.password);\nhomePage.getTitle().then(function (title) {\n  assert.equal(login.validCredentials.title, title);\n});",
              "err": {},
              "uuid": "85388db0-6088-4932-b9b3-50f3cbd6bfd1",
              "parentUUID": "ed2c7936-c486-4ae3-bfa2-afa5966e9465",
              "isHook": false,
              "skipped": false
            }
          ],
          "suites": [],
          "passes": [
            "cee26220-70f7-431b-ad1e-3689a82faf82",
            "4e7c8498-9aa1-4ed3-b2cf-90b03f3bdabe",
            "85388db0-6088-4932-b9b3-50f3cbd6bfd1"
          ],
          "failures": [],
          "pending": [],
          "skipped": [],
          "duration": 15100,
          "root": false,
          "rootEmpty": false,
          "_timeout": 2000
        }
      ],
      "passes": [],
      "failures": [],
      "pending": [],
      "skipped": [],
      "duration": 0,
      "root": true,
      "rootEmpty": true,
      "_timeout": 2000
    },
    {
      "uuid": "e568a535-ee20-4905-9d75-d0b529668095",
      "title": "",
      "fullFile": "cypress\\e2e\\TDD\\AddEmployeeTest.cy.js",
      "file": "cypress\\e2e\\TDD\\AddEmployeeTest.cy.js",
      "beforeHooks": [],
      "afterHooks": [],
      "tests": [],
      "suites": [
        {
          "uuid": "1a2217e4-cbbd-48a9-ae6e-9b421360e127",
          "title": "Add Employee Test Cases",
          "fullFile": "",
          "file": "",
          "beforeHooks": [],
          "afterHooks": [],
          "tests": [
            {
              "title": "verify user is able to add new Employee",
              "fullTitle": "Add Employee Test Cases verify user is able to add new Employee",
              "timedOut": null,
              "duration": 30159,
              "state": "passed",
              "speed": "slow",
              "pass": true,
              "fail": false,
              "pending": false,
              "context": null,
              "code": "homePage.selectTopMenuItem('Add Employee');\naddEmployee.addEmployee(employeeData.firstName, employeeData.lastName);\naddEmployee.getEmployeeFullName().then(function (fullName) {\n  assert.equal(employeeData.employeeFullName, fullName.trim());\n});",
              "err": {},
              "uuid": "1ac68f28-cb36-4848-b9df-69fdd7a94fc0",
              "parentUUID": "1a2217e4-cbbd-48a9-ae6e-9b421360e127",
              "isHook": false,
              "skipped": false
            }
          ],
          "suites": [],
          "passes": [
            "1ac68f28-cb36-4848-b9df-69fdd7a94fc0"
          ],
          "failures": [],
          "pending": [],
          "skipped": [],
          "duration": 30159,
          "root": false,
          "rootEmpty": false,
          "_timeout": 2000
        }
      ],
      "passes": [],
      "failures": [],
      "pending": [],
      "skipped": [],
      "duration": 0,
      "root": true,
      "rootEmpty": true,
      "_timeout": 2000
    }
  ],
  "meta": {
    "mocha": {
      "version": "7.0.1"
    },
    "mochawesome": {
      "options": {
        "quiet": false,
        "reportFilename": "mochawesome",
        "saveHtml": true,
        "saveJson": true,
        "consoleReporter": "spec",
        "useInlineDiffs": false,
        "code": true
      },
      "version": "7.1.3"
    },
    "marge": {
      "options": {
        "id": "default",
        "reportDir": "cypress/results/mochawesome",
        "quite": true,
        "overwrite": false,
        "html": true,
        "json": true,
        "charts": true
      },
      "version": "6.2.0"
    }
  }
}